TN:
SF:/home/khornya/L2INF/Projet/dames-chinoises/client.game.js
FN:1,(anonymous_0)
FN:5,createGameBoard
FN:25,createCell
FN:35,restart
FN:43,refreshBoard
FN:52,move
FN:61,(anonymous_6)
FN:62,(anonymous_7)
FN:69,endGame
FN:76,(anonymous_9)
FN:79,(anonymous_10)
FN:94,Player
FN:100,(anonymous_12)
FN:125,play
FN:131,updatePlayerFrames
FN:143,sendMessage
FN:148,Sound
FN:155,(anonymous_17)
FNF:18
FNH:3
FNDA:1,(anonymous_0)
FNDA:1,createGameBoard
FNDA:123,createCell
FNDA:0,restart
FNDA:0,refreshBoard
FNDA:0,move
FNDA:0,(anonymous_6)
FNDA:0,(anonymous_7)
FNDA:0,endGame
FNDA:0,(anonymous_9)
FNDA:0,(anonymous_10)
FNDA:0,Player
FNDA:0,(anonymous_12)
FNDA:0,play
FNDA:0,updatePlayerFrames
FNDA:0,sendMessage
FNDA:0,Sound
FNDA:0,(anonymous_17)
DA:1,1
DA:6,1
DA:8,1
DA:9,17
DA:10,17
DA:11,17
DA:12,17
DA:13,17
DA:14,425
DA:15,121
DA:16,121
DA:17,121
DA:21,1
DA:26,123
DA:27,123
DA:28,123
DA:29,123
DA:30,123
DA:31,123
DA:32,123
DA:36,0
DA:37,0
DA:38,0
DA:40,0
DA:44,0
DA:45,0
DA:46,0
DA:47,0
DA:53,0
DA:54,0
DA:55,0
DA:56,0
DA:57,0
DA:58,0
DA:59,0
DA:60,0
DA:61,0
DA:62,0
DA:63,0
DA:70,0
DA:71,0
DA:72,0
DA:73,0
DA:74,0
DA:75,0
DA:76,0
DA:77,0
DA:79,0
DA:80,0
DA:81,0
DA:84,0
DA:85,0
DA:86,0
DA:89,0
DA:90,0
DA:95,0
DA:96,0
DA:97,0
DA:98,0
DA:100,0
DA:101,0
DA:102,0
DA:103,0
DA:104,0
DA:105,0
DA:106,0
DA:107,0
DA:108,0
DA:109,0
DA:110,0
DA:111,0
DA:112,0
DA:113,0
DA:114,0
DA:115,0
DA:117,0
DA:118,0
DA:119,0
DA:120,0
DA:121,0
DA:126,0
DA:127,0
DA:128,0
DA:132,0
DA:133,0
DA:134,0
DA:135,0
DA:138,0
DA:144,0
DA:145,0
DA:149,0
DA:150,0
DA:151,0
DA:152,0
DA:153,0
DA:154,0
DA:155,0
DA:156,0
DA:160,1
DA:161,1
DA:162,1
DA:163,1
DA:164,1
DA:165,1
DA:166,1
DA:167,1
DA:168,1
DA:169,1
DA:170,1
LF:109
LH:31
BRDA:14,0,0,121
BRDA:14,0,1,304
BRDA:35,1,0,0
BRDA:36,2,0,0
BRDA:36,2,1,0
BRDA:46,3,0,0
BRDA:46,3,1,0
BRDA:60,4,0,0
BRDA:60,4,1,0
BRDA:80,5,0,0
BRDA:80,5,1,0
BRDA:84,6,0,0
BRDA:84,6,1,0
BRDA:134,7,0,0
BRDA:134,7,1,0
BRDA:156,8,0,0
BRDA:156,8,1,0
BRDA:172,9,0,0
BRDA:172,9,1,1
BRF:19
BRH:3
end_of_record
TN:
SF:/home/khornya/L2INF/Projet/dames-chinoises/client.home.js
FN:1,(anonymous_0)
FN:3,seeMore
FN:16,updateChoices
FN:56,updateColors
FN:89,deactivateTooltips
FN:97,getTooltip
FN:110,checkPlayer
FN:158,(anonymous_7)
FN:175,disablePlayer
FNF:9
FNH:9
FNDA:1,(anonymous_0)
FNDA:2,seeMore
FNDA:3,updateChoices
FNDA:8,updateColors
FNDA:4,deactivateTooltips
FNDA:24,getTooltip
FNDA:12,checkPlayer
FNDA:3,(anonymous_7)
FNDA:7,disablePlayer
DA:1,1
DA:4,2
DA:5,2
DA:6,2
DA:7,1
DA:8,1
DA:11,1
DA:12,1
DA:17,3
DA:25,3
DA:26,3
DA:27,3
DA:28,3
DA:29,3
DA:30,9
DA:32,3
DA:33,3
DA:34,3
DA:35,4
DA:36,4
DA:37,4
DA:38,4
DA:39,4
DA:41,3
DA:42,11
DA:43,11
DA:44,11
DA:45,11
DA:47,3
DA:48,3
DA:49,3
DA:50,18
DA:51,1
DA:57,8
DA:58,8
DA:59,8
DA:60,13
DA:62,8
DA:77,8
DA:78,20
DA:79,20
DA:80,32
DA:82,20
DA:84,8
DA:85,28
DA:90,4
DA:91,4
DA:92,4
DA:93,32
DA:98,24
DA:99,68
DA:100,24
DA:103,0
DA:107,1
DA:108,1
DA:111,12
DA:112,12
DA:113,12
DA:114,12
DA:115,12
DA:116,12
DA:117,12
DA:118,12
DA:119,12
DA:120,12
DA:121,8
DA:122,2
DA:123,2
DA:124,2
DA:127,6
DA:134,4
DA:135,4
DA:136,4
DA:139,2
DA:140,2
DA:141,2
DA:142,2
DA:147,4
DA:148,4
DA:149,4
DA:150,4
DA:155,1
DA:156,1
DA:158,1
DA:159,3
DA:160,3
DA:161,3
DA:162,3
DA:163,2
DA:164,2
DA:165,2
DA:168,1
DA:169,1
DA:170,1
DA:171,1
DA:176,7
DA:177,7
DA:178,7
DA:179,4
DA:180,4
DA:183,3
DA:184,3
DA:186,7
DA:187,7
DA:188,7
DA:189,7
DA:190,7
DA:191,12
DA:192,12
DA:194,7
DA:197,1
DA:198,1
DA:199,1
DA:200,1
DA:201,1
DA:202,1
DA:203,1
DA:204,1
DA:205,1
LF:119
LH:118
BRDA:6,0,0,1
BRDA:6,0,1,1
BRDA:30,1,0,3
BRDA:30,1,1,6
BRDA:37,2,0,0
BRDA:37,2,1,4
BRDA:47,3,0,0
BRDA:47,3,1,3
BRDA:50,4,0,1
BRDA:50,4,1,17
BRDA:50,5,0,18
BRDA:50,5,1,2
BRDA:60,6,0,8
BRDA:60,6,1,5
BRDA:99,7,0,24
BRDA:99,7,1,44
BRDA:120,8,0,8
BRDA:120,8,1,4
BRDA:120,9,0,12
BRDA:120,9,1,6
BRDA:121,10,0,2
BRDA:121,10,1,6
BRDA:127,11,0,4
BRDA:127,11,1,2
BRDA:127,12,0,6
BRDA:127,12,1,5
BRDA:127,12,2,5
BRDA:127,12,3,4
BRDA:127,12,4,4
BRDA:127,12,5,4
BRDA:127,12,6,2
BRDA:127,12,7,0
BRDA:127,12,8,4
BRDA:127,12,9,2
BRDA:127,12,10,2
BRDA:127,12,11,3
BRDA:127,12,12,3
BRDA:127,12,13,1
BRDA:127,12,14,2
BRDA:127,12,15,2
BRDA:127,12,16,0
BRDA:127,12,17,2
BRDA:127,12,18,2
BRDA:127,12,19,0
BRDA:162,13,0,2
BRDA:162,13,1,1
BRDA:162,14,0,3
BRDA:162,14,1,2
BRDA:178,15,0,4
BRDA:178,15,1,3
BRDA:192,16,0,6
BRDA:192,16,1,6
BRDA:194,17,0,5
BRDA:194,17,1,2
BRDA:207,18,0,0
BRDA:207,18,1,1
BRF:56
BRH:50
end_of_record
TN:
SF:/home/khornya/L2INF/Projet/dames-chinoises/server.js
FN:34,(anonymous_0)
FN:133,(anonymous_1)
FN:146,(anonymous_2)
FN:164,handleDisconnect
FN:168,(anonymous_4)
FN:175,(anonymous_5)
FN:191,(anonymous_6)
FN:192,(anonymous_7)
FN:209,(anonymous_8)
FN:219,(anonymous_9)
FN:220,(anonymous_10)
FN:260,(anonymous_11)
FN:291,(anonymous_12)
FN:295,(anonymous_13)
FN:304,(anonymous_14)
FN:310,(anonymous_15)
FN:331,init
FN:347,restart
FN:360,isMovingBackward
FN:371,sameTraject
FN:385,getPath
FN:403,(anonymous_21)
FN:411,getJumps
FN:454,hasWon
FN:470,isOnGameBoard
FN:475,contains
FN:486,sendScore
FN:489,(anonymous_27)
FN:490,(anonymous_28)
FN:493,(anonymous_29)
FN:495,(anonymous_30)
FN:498,(anonymous_31)
FN:502,(anonymous_32)
FN:508,makeBestMove
FN:554,(anonymous_34)
FN:561,(anonymous_35)
FN:564,(anonymous_36)
FN:571,(anonymous_37)
FN:575,validateMove
FN:633,(anonymous_39)
FN:646,play
FN:650,(anonymous_41)
FN:652,(anonymous_42)
FN:658,move
FN:668,escapeHtml
FNF:45
FNH:23
FNDA:0,(anonymous_0)
FNDA:0,(anonymous_1)
FNDA:0,(anonymous_2)
FNDA:1,handleDisconnect
FNDA:0,(anonymous_4)
FNDA:0,(anonymous_5)
FNDA:0,(anonymous_6)
FNDA:0,(anonymous_7)
FNDA:0,(anonymous_8)
FNDA:0,(anonymous_9)
FNDA:0,(anonymous_10)
FNDA:0,(anonymous_11)
FNDA:0,(anonymous_12)
FNDA:0,(anonymous_13)
FNDA:0,(anonymous_14)
FNDA:0,(anonymous_15)
FNDA:6,init
FNDA:6,restart
FNDA:352,isMovingBackward
FNDA:221,sameTraject
FNDA:70,getPath
FNDA:0,(anonymous_21)
FNDA:682,getJumps
FNDA:9,hasWon
FNDA:14037,isOnGameBoard
FNDA:1621,contains
FNDA:2,sendScore
FNDA:4,(anonymous_27)
FNDA:2,(anonymous_28)
FNDA:1,(anonymous_29)
FNDA:1,(anonymous_30)
FNDA:1,(anonymous_31)
FNDA:1,(anonymous_32)
FNDA:4,makeBestMove
FNDA:0,(anonymous_34)
FNDA:0,(anonymous_35)
FNDA:0,(anonymous_36)
FNDA:0,(anonymous_37)
FNDA:16,validateMove
FNDA:0,(anonymous_39)
FNDA:4,play
FNDA:2,(anonymous_41)
FNDA:0,(anonymous_42)
FNDA:8,move
FNDA:1,escapeHtml
DA:1,1
DA:19,1
DA:21,1
DA:22,1
DA:23,1
DA:24,1
DA:25,1
DA:28,1
DA:29,1
DA:30,1
DA:31,1
DA:32,1
DA:34,1
DA:35,0
DA:36,0
DA:38,0
DA:39,0
DA:40,0
DA:41,0
DA:42,0
DA:43,0
DA:44,0
DA:45,0
DA:46,0
DA:47,0
DA:48,0
DA:49,0
DA:50,0
DA:51,0
DA:52,0
DA:54,0
DA:55,0
DA:56,0
DA:57,0
DA:58,0
DA:59,0
DA:60,0
DA:61,0
DA:62,0
DA:63,0
DA:66,0
DA:67,0
DA:69,0
DA:70,0
DA:72,0
DA:73,0
DA:75,0
DA:76,0
DA:80,0
DA:81,0
DA:101,0
DA:102,0
DA:103,0
DA:104,0
DA:105,0
DA:106,0
DA:107,0
DA:109,0
DA:110,0
DA:113,0
DA:114,0
DA:116,0
DA:117,0
DA:120,0
DA:129,0
DA:133,1
DA:134,0
DA:135,0
DA:138,0
DA:139,0
DA:140,0
DA:141,0
DA:142,0
DA:143,0
DA:144,0
DA:145,0
DA:146,0
DA:147,0
DA:149,0
DA:153,1
DA:154,1
DA:165,1
DA:168,1
DA:169,0
DA:170,0
DA:171,0
DA:175,1
DA:176,0
DA:177,0
DA:178,0
DA:180,0
DA:185,1
DA:187,1
DA:189,1
DA:191,1
DA:192,0
DA:193,0
DA:194,0
DA:209,1
DA:210,0
DA:213,1
DA:215,1
DA:217,1
DA:219,1
DA:220,0
DA:221,0
DA:222,0
DA:223,0
DA:224,0
DA:226,0
DA:239,0
DA:240,0
DA:245,0
DA:246,0
DA:247,0
DA:248,0
DA:252,0
DA:255,0
DA:256,0
DA:257,0
DA:260,0
DA:261,0
DA:262,0
DA:263,0
DA:264,0
DA:266,0
DA:267,0
DA:268,0
DA:269,0
DA:270,0
DA:275,0
DA:276,0
DA:277,0
DA:278,0
DA:279,0
DA:283,0
DA:286,0
DA:287,0
DA:288,0
DA:291,0
DA:292,0
DA:293,0
DA:295,0
DA:296,0
DA:297,0
DA:298,0
DA:299,0
DA:300,0
DA:304,0
DA:305,0
DA:306,0
DA:307,0
DA:310,0
DA:311,0
DA:312,0
DA:313,0
DA:314,0
DA:315,0
DA:321,1
DA:333,6
DA:334,6
DA:335,16
DA:342,6
DA:343,6
DA:348,6
DA:349,6
DA:350,16
DA:352,6
DA:353,6
DA:354,6
DA:355,6
DA:356,6
DA:357,6
DA:362,352
DA:363,326
DA:364,82
DA:365,76
DA:366,42
DA:367,36
DA:373,221
DA:374,221
DA:375,221
DA:376,221
DA:377,8
DA:378,15
DA:380,5
DA:382,3
DA:386,70
DA:387,70
DA:388,70
DA:389,70
DA:391,70
DA:392,204
DA:393,1011
DA:394,74
DA:396,43
DA:397,74
DA:401,65
DA:402,65
DA:403,3
DA:404,3
DA:406,62
DA:412,682
DA:416,297
DA:417,297
DA:420,297
DA:421,891
DA:422,1782
DA:423,1782
DA:424,1782
DA:425,7606
DA:426,7606
DA:428,1782
DA:429,1782
DA:430,2343
DA:431,1383
DA:433,1782
DA:434,1617
DA:435,1617
DA:436,1617
DA:437,1360
DA:438,236
DA:440,171
DA:441,236
DA:442,27
DA:444,209
DA:449,297
DA:456,9
DA:457,9
DA:458,54
DA:459,54
DA:460,54
DA:462,5
DA:463,13
DA:464,5
DA:466,5
DA:471,14037
DA:476,1621
DA:477,1621
DA:478,1707
DA:479,259
DA:482,1362
DA:487,2
DA:488,2
DA:489,4
DA:490,2
DA:491,2
DA:493,2
DA:494,1
DA:495,1
DA:496,1
DA:498,1
DA:499,1
DA:502,2
DA:503,1
DA:505,2
DA:509,4
DA:510,3
DA:511,2
DA:513,2
DA:514,2
DA:516,2
DA:517,2
DA:518,34
DA:519,850
DA:520,60
DA:521,60
DA:522,60
DA:523,60
DA:524,60
DA:525,47
DA:526,47
DA:527,47
DA:528,47
DA:529,47
DA:530,47
DA:531,47
DA:532,47
DA:533,47
DA:534,47
DA:535,47
DA:537,47
DA:538,47
DA:539,47
DA:540,6
DA:541,6
DA:547,2
DA:548,2
DA:549,2
DA:550,2
DA:551,2
DA:552,2
DA:553,2
DA:554,2
DA:555,0
DA:556,0
DA:558,2
DA:559,2
DA:560,1
DA:561,1
DA:562,0
DA:564,1
DA:565,0
DA:566,0
DA:568,1
DA:570,1
DA:571,1
DA:572,1
DA:576,16
DA:577,16
DA:578,0
DA:579,0
DA:581,16
DA:582,16
DA:583,16
DA:584,16
DA:585,16
DA:586,16
DA:587,16
DA:588,16
DA:589,16
DA:590,16
DA:591,7
DA:592,2
DA:593,0
DA:594,2
DA:596,5
DA:597,5
DA:598,5
DA:599,5
DA:600,5
DA:603,9
DA:604,2
DA:605,2
DA:606,2
DA:607,2
DA:609,7
DA:610,1
DA:611,1
DA:613,6
DA:614,1
DA:615,1
DA:617,5
DA:618,1
DA:619,1
DA:621,4
DA:622,1
DA:623,1
DA:625,3
DA:626,3
DA:627,3
DA:628,3
DA:629,3
DA:630,3
DA:631,1
DA:632,1
DA:633,1
DA:634,0
DA:635,0
DA:637,1
DA:639,2
DA:640,2
DA:641,2
DA:642,2
DA:647,4
DA:648,3
DA:649,1
DA:650,2
DA:651,2
DA:652,0
DA:654,2
DA:655,2
DA:659,8
DA:660,8
DA:661,8
DA:662,8
DA:663,8
DA:664,2
DA:669,1
DA:670,1
LF:380
LH:239
BRDA:35,0,0,0
BRDA:35,0,1,0
BRDA:35,1,0,0
BRDA:35,1,1,0
BRDA:38,2,0,0
BRDA:38,2,1,0
BRDA:41,3,0,0
BRDA:41,3,1,0
BRDA:41,4,0,0
BRDA:41,4,1,0
BRDA:42,5,0,0
BRDA:42,5,1,0
BRDA:42,6,0,0
BRDA:42,6,1,0
BRDA:43,7,0,0
BRDA:43,7,1,0
BRDA:43,8,0,0
BRDA:43,8,1,0
BRDA:44,9,0,0
BRDA:44,9,1,0
BRDA:44,10,0,0
BRDA:44,10,1,0
BRDA:45,11,0,0
BRDA:45,11,1,0
BRDA:45,12,0,0
BRDA:45,12,1,0
BRDA:46,13,0,0
BRDA:46,13,1,0
BRDA:46,14,0,0
BRDA:46,14,1,0
BRDA:60,15,0,0
BRDA:60,15,1,0
BRDA:60,16,0,0
BRDA:60,16,1,0
BRDA:62,17,0,0
BRDA:62,17,1,0
BRDA:63,18,0,0
BRDA:63,18,1,0
BRDA:66,19,0,0
BRDA:66,19,1,0
BRDA:66,20,0,0
BRDA:66,20,1,0
BRDA:69,21,0,0
BRDA:69,21,1,0
BRDA:69,22,0,0
BRDA:69,22,1,0
BRDA:69,22,2,0
BRDA:69,22,3,0
BRDA:69,22,4,0
BRDA:69,22,5,0
BRDA:69,22,6,0
BRDA:69,22,7,0
BRDA:69,22,8,0
BRDA:72,23,0,0
BRDA:72,23,1,0
BRDA:75,24,0,0
BRDA:75,24,1,0
BRDA:101,25,0,0
BRDA:101,25,1,0
BRDA:106,26,0,0
BRDA:106,26,1,0
BRDA:106,27,0,0
BRDA:106,27,1,0
BRDA:106,27,2,0
BRDA:109,28,0,0
BRDA:109,28,1,0
BRDA:109,29,0,0
BRDA:109,29,1,0
BRDA:113,30,0,0
BRDA:113,30,1,0
BRDA:116,31,0,0
BRDA:116,31,1,0
BRDA:134,32,0,0
BRDA:134,32,1,0
BRDA:134,33,0,0
BRDA:134,33,1,0
BRDA:147,34,0,0
BRDA:147,34,1,0
BRDA:169,35,0,0
BRDA:169,35,1,0
BRDA:177,36,0,0
BRDA:177,36,1,0
BRDA:187,37,0,1
BRDA:187,37,1,1
BRDA:193,38,0,0
BRDA:193,38,1,0
BRDA:224,39,0,0
BRDA:224,39,1,0
BRDA:245,40,0,0
BRDA:245,40,1,0
BRDA:248,41,0,0
BRDA:248,41,1,0
BRDA:262,42,0,0
BRDA:262,42,1,0
BRDA:262,43,0,0
BRDA:262,43,1,0
BRDA:262,43,2,0
BRDA:275,44,0,0
BRDA:275,44,1,0
BRDA:276,45,0,0
BRDA:276,45,1,0
BRDA:279,46,0,0
BRDA:279,46,1,0
BRDA:296,47,0,0
BRDA:296,47,1,0
BRDA:298,48,0,0
BRDA:298,48,1,0
BRDA:305,49,0,0
BRDA:305,49,1,0
BRDA:305,50,0,0
BRDA:305,50,1,0
BRDA:312,51,0,0
BRDA:312,51,1,0
BRDA:362,52,0,26
BRDA:362,52,1,326
BRDA:363,53,0,244
BRDA:363,53,1,82
BRDA:364,54,0,6
BRDA:364,54,1,76
BRDA:365,55,0,34
BRDA:365,55,1,42
BRDA:366,56,0,6
BRDA:366,56,1,36
BRDA:367,57,0,36
BRDA:367,57,1,0
BRDA:376,58,0,213
BRDA:376,58,1,8
BRDA:378,59,0,5
BRDA:378,59,1,10
BRDA:378,60,0,15
BRDA:378,60,1,12
BRDA:393,61,0,74
BRDA:393,61,1,937
BRDA:393,62,0,1011
BRDA:393,62,1,336
BRDA:393,62,2,944
BRDA:393,62,3,893
BRDA:394,63,0,43
BRDA:394,63,1,31
BRDA:394,64,0,74
BRDA:394,64,1,44
BRDA:397,65,0,5
BRDA:397,65,1,69
BRDA:397,66,0,74
BRDA:397,66,1,7
BRDA:402,67,0,3
BRDA:402,67,1,62
BRDA:403,68,0,0
BRDA:403,68,1,0
BRDA:412,69,0,385
BRDA:412,69,1,297
BRDA:424,70,0,9388
BRDA:424,70,1,8533
BRDA:430,71,0,960
BRDA:430,71,1,1383
BRDA:431,72,0,317
BRDA:431,72,1,1066
BRDA:433,73,0,1617
BRDA:433,73,1,165
BRDA:436,74,0,257
BRDA:436,74,1,1360
BRDA:437,75,0,236
BRDA:437,75,1,1124
BRDA:437,76,0,1360
BRDA:437,76,1,460
BRDA:438,77,0,171
BRDA:438,77,1,65
BRDA:438,78,0,236
BRDA:438,78,1,171
BRDA:441,79,0,27
BRDA:441,79,1,209
BRDA:441,80,0,236
BRDA:441,80,1,45
BRDA:449,81,0,297
BRDA:449,81,1,297
BRDA:456,82,0,6
BRDA:456,82,1,3
BRDA:460,83,0,4
BRDA:460,83,1,50
BRDA:463,84,0,5
BRDA:463,84,1,8
BRDA:471,85,0,14037
BRDA:471,85,1,13212
BRDA:471,85,2,12380
BRDA:471,85,3,11836
BRDA:478,86,0,259
BRDA:478,86,1,1448
BRDA:478,87,0,1707
BRDA:478,87,1,371
BRDA:509,88,0,1
BRDA:509,88,1,3
BRDA:510,89,0,1
BRDA:510,89,1,2
BRDA:519,90,0,60
BRDA:519,90,1,790
BRDA:525,91,0,0
BRDA:525,91,1,47
BRDA:527,92,0,0
BRDA:527,92,1,47
BRDA:528,93,0,33
BRDA:528,93,1,14
BRDA:528,94,0,18
BRDA:528,94,1,15
BRDA:539,95,0,6
BRDA:539,95,1,41
BRDA:559,96,0,1
BRDA:559,96,1,1
BRDA:565,97,0,0
BRDA:565,97,1,0
BRDA:577,98,0,0
BRDA:577,98,1,16
BRDA:577,99,0,16
BRDA:577,99,1,16
BRDA:590,100,0,7
BRDA:590,100,1,9
BRDA:591,101,0,2
BRDA:591,101,1,5
BRDA:592,102,0,2
BRDA:592,102,1,0
BRDA:603,103,0,2
BRDA:603,103,1,7
BRDA:603,104,0,9
BRDA:603,104,1,4
BRDA:609,105,0,1
BRDA:609,105,1,6
BRDA:613,106,0,1
BRDA:613,106,1,5
BRDA:617,107,0,1
BRDA:617,107,1,4
BRDA:621,108,0,1
BRDA:621,108,1,3
BRDA:630,109,0,1
BRDA:630,109,1,2
BRDA:634,110,0,0
BRDA:634,110,1,0
BRDA:647,111,0,1
BRDA:647,111,1,3
BRDA:648,112,0,1
BRDA:648,112,1,2
BRDA:649,113,0,1
BRDA:649,113,1,0
BRDA:651,114,0,0
BRDA:651,114,1,2
BRDA:663,115,0,2
BRDA:663,115,1,6
BRDA:669,116,0,0
BRDA:669,116,1,1
BRF:247
BRH:122
end_of_record
TN:
SF:/home/khornya/L2INF/Projet/dames-chinoises/shared.js
FN:1,(anonymous_0)
FN:3,initArray
FN:17,initGameBoard
FNF:3
FNH:3
FNDA:3,(anonymous_0)
FNDA:43,initArray
FNDA:25,initGameBoard
DA:1,3
DA:4,43
DA:5,43
DA:6,484
DA:7,462
DA:8,462
DA:9,11086
DA:12,22
DA:14,43
DA:18,25
DA:19,25
DA:20,100
DA:21,250
DA:22,250
DA:25,25
DA:26,100
DA:27,650
DA:28,650
DA:30,100
DA:31,250
DA:32,250
DA:33,250
DA:34,250
DA:37,225
DA:38,25
DA:41,3
DA:42,3
LF:27
LH:27
BRDA:6,0,0,462
BRDA:6,0,1,22
BRDA:44,1,0,0
BRDA:44,1,1,3
BRF:4
BRH:3
end_of_record
TN:
SF:/home/khornya/L2INF/Projet/dames-chinoises/helpers/setup-browser-env.js
FNF:0
FNH:0
DA:1,4
LF:1
LH:1
BRF:0
BRH:0
end_of_record
